2017-12-24 20:52:57,859:WARNING:discord.client: PyNaCl is not installed, voice will NOT be supported
2017-12-24 20:52:57,859:INFO:discord.client: on_ready has successfully been registered as an event
2017-12-24 20:52:57,859:INFO:discord.client: on_server_join has successfully been registered as an event
2017-12-24 20:52:57,859:INFO:discord.client: on_message has successfully been registered as an event
2017-12-24 20:52:57,861:INFO:discord.client: logging in using static token
2017-12-24 20:52:58,141:DEBUG:discord.http: GET https://discordapp.com/api/v6/users/@me with None has returned 200
2017-12-24 20:52:58,141:DEBUG:discord.http: GET https://discordapp.com/api/v6/users/@me has received {'verified': True, 'bot': True, 'username': 'jkingsbot9000', 'mfa_enabled': False, 'avatar': '462cb680f7b3cad4911dd2fc8629e96f', 'id': '315253280676773888', 'email': None, 'discriminator': '0849'}
2017-12-24 20:52:58,174:DEBUG:discord.http: GET https://discordapp.com/api/v6/gateway with None has returned 200
2017-12-24 20:52:58,174:DEBUG:discord.http: GET https://discordapp.com/api/v6/gateway has received {'url': 'wss://gateway.discord.gg'}
2017-12-24 20:52:58,590:INFO:discord.gateway: Created websocket connected to wss://gateway.discord.gg?encoding=json&v=6
2017-12-24 20:52:58,591:DEBUG:discord.client: Dispatching event socket_raw_receive
2017-12-24 20:52:58,591:DEBUG:discord.gateway: WebSocket Event: {'s': None, 'd': {'_trace': ['gateway-prd-main-c5m6'], 'heartbeat_interval': 41250}, 't': None, 'op': 10}
2017-12-24 20:52:58,591:DEBUG:discord.client: Dispatching event socket_response
2017-12-24 20:52:58,598:INFO:discord.gateway: sent the identify payload to create the websocket
2017-12-24 20:52:58,795:DEBUG:discord.client: Dispatching event socket_raw_receive
2017-12-24 20:52:58,795:DEBUG:discord.gateway: WebSocket Event: {'s': 1, 'd': {'user_settings': {}, 'session_id': '09cbea52b035088e9542e894b053e25a', '_trace': ['gateway-prd-main-c5m6', 'discord-sessions-prd-1-5'], 'v': 6, 'relationships': [], 'guilds': [{'id': '393943005423468544', 'unavailable': True}], 'private_channels': [], 'presences': [], 'user': {'verified': True, 'bot': True, 'username': 'jkingsbot9000', 'mfa_enabled': False, 'email': None, 'avatar': '462cb680f7b3cad4911dd2fc8629e96f', 'id': '315253280676773888', 'discriminator': '0849'}}, 't': 'READY', 'op': 0}
2017-12-24 20:52:58,795:DEBUG:discord.client: Dispatching event socket_response
2017-12-24 20:52:58,796:DEBUG:discord.client: Dispatching event socket_raw_receive
2017-12-24 20:52:58,798:DEBUG:discord.gateway: WebSocket Event: {'s': 2, 'd': {'application_id': None, 'joined_at': '2017-12-25T03:50:27.568501+00:00', 'unavailable': False, 'name': "jkings' robot heaven", 'owner_id': '305438956701614081', 'default_message_notifications': 1, 'system_channel_id': '393943005423468546', 'voice_states': [], 'channels': [{'permission_overwrites': [], 'bitrate': 64000, 'type': 4, 'parent_id': None, 'id': '393943005423468545', 'user_limit': 0, 'nsfw': False, 'name': 'discussion', 'position': 1}, {'permission_overwrites': [], 'type': 0, 'parent_id': '393943005423468545', 'topic': 'introductions and general discussion!', 'id': '393943005423468546', 'last_message_id': '394698382649851905', 'nsfw': False, 'name': 'pearly-gates', 'position': 2}, {'permission_overwrites': [], 'bitrate': 64000, 'type': 4, 'parent_id': None, 'id': '393943005423468547', 'user_limit': 0, 'nsfw': False, 'name': 'Voice Channels', 'position': 3}, {'permission_overwrites': [], 'bitrate': 64000, 'type': 2, 'parent_id': '393943005423468547', 'id': '393943005423468548', 'user_limit': 0, 'name': 'General', 'position': 0}, {'permission_overwrites': [{'id': '393943005423468544', 'type': 'role', 'deny': 2048, 'allow': 0}, {'id': '393943664008757250', 'type': 'role', 'deny': 0, 'allow': 2048}, {'id': '393947348629192725', 'type': 'role', 'deny': 0, 'allow': 0}], 'type': 4, 'parent_id': None, 'id': '393957438887297026', 'nsfw': False, 'name': 'information', 'position': 0}, {'permission_overwrites': [{'id': '393943005423468544', 'type': 'role', 'deny': 2048, 'allow': 0}, {'id': '393943664008757250', 'type': 'role', 'deny': 0, 'allow': 2048}, {'id': '393947348629192725', 'type': 'role', 'deny': 0, 'allow': 0}], 'type': 0, 'parent_id': '393957438887297026', 'topic': 'mandates of heaven!', 'id': '393957493715238922', 'last_message_id': '393980354589097987', 'nsfw': False, 'name': 'rules', 'position': 0}, {'permission_overwrites': [{'id': '393943005423468544', 'type': 'role', 'deny': 2048, 'allow': 0}, {'id': '393943664008757250', 'type': 'role', 'deny': 0, 'allow': 2048}, {'id': '393947348629192725', 'type': 'role', 'deny': 0, 'allow': 0}], 'type': 0, 'parent_id': '393957438887297026', 'topic': 'git updates go here!', 'id': '393957924008886283', 'last_message_id': None, 'nsfw': False, 'name': 'git-log', 'position': 1}, {'permission_overwrites': [{'id': '393943005423468544', 'type': 'role', 'deny': 1024, 'allow': 0}, {'id': '393947484289761280', 'type': 'role', 'deny': 0, 'allow': 1024}], 'type': 0, 'parent_id': '393943005423468545', 'topic': '( ͡° ͜ʖ ͡°)', 'id': '393958528316080129', 'last_message_id': '394167836307750922', 'nsfw': True, 'name': 'sin-bin', 'position': 4}, {'permission_overwrites': [], 'type': 0, 'parent_id': '393943005423468547', 'topic': None, 'id': '393959254136193034', 'last_message_id': None, 'nsfw': False, 'name': 'voice-zone', 'position': 8}, {'permission_overwrites': [], 'type': 0, 'parent_id': '393943005423468545', 'topic': 'discussion without memes.', 'id': '393959979540938752', 'last_message_id': None, 'nsfw': False, 'name': 'serious-discussion', 'position': 3}, {'permission_overwrites': [], 'type': 4, 'parent_id': None, 'id': '393960362153869312', 'nsfw': False, 'name': 'bot channels', 'position': 2}, {'permission_overwrites': [], 'type': 0, 'parent_id': '393960362153869312', 'topic': 'shitpost and dick around with bots here', 'id': '393960476641591302', 'last_message_id': '393967669138685953', 'nsfw': False, 'name': 'satans-spam-mail', 'position': 7}, {'permission_overwrites': [], 'type': 0, 'parent_id': '393960362153869312', 'topic': "for testing robots. please don't spam this channel unless you're trying to test something. don't interrupt jkings while he's testing something here.", 'id': '393960892598976513', 'last_message_id': '394698961492901898', 'nsfw': False, 'name': 'testing-grounds', 'position': 6}, {'permission_overwrites': [], 'type': 0, 'parent_id': '393960362153869312', 'topic': 'have an idea for the robot? feel free to post it here!', 'id': '393961151152652288', 'last_message_id': '393979239709278208', 'nsfw': False, 'name': 'feature-requests', 'position': 5}, {'permission_overwrites': [{'id': '393943005423468544', 'type': 'role', 'deny': 1049600, 'allow': 0}, {'id': '393943664008757250', 'type': 'role', 'deny': 0, 'allow': 1049600}, {'id': '393947348629192725', 'type': 'role', 'deny': 0, 'allow': 1049600}], 'type': 4, 'parent_id': None, 'id': '393966157213859840', 'nsfw': False, 'name': 'moderation', 'position': 4}, {'permission_overwrites': [{'id': '393943005423468544', 'type': 'role', 'deny': 1049600, 'allow': 0}, {'id': '393943664008757250', 'type': 'role', 'deny': 0, 'allow': 1049600}, {'id': '393947348629192725', 'type': 'role', 'deny': 0, 'allow': 1049600}], 'type': 0, 'parent_id': '393966157213859840', 'topic': None, 'id': '393966207562416138', 'last_message_id': '393975717303681024', 'nsfw': False, 'name': 'mod-discussion', 'position': 9}], 'member_count': 17, 'splash': None, 'afk_channel_id': None, 'region': 'us-west', 'features': [], 'large': False, 'members': [{'joined_at': '2017-12-23T13:24:11.110643+00:00', 'user': {'discriminator': '8120', 'avatar': 'b044b7d16df033af7545d2135ee946f5', 'id': '92878795140239360', 'username': 'NekotTheBrave'}, 'roles': ['393961376810401793'], 'deaf': False, 'nick': None, 'mute': False}, {'joined_at': '2017-12-23T03:45:09.212290+00:00', 'user': {'discriminator': '9257', 'avatar': '0d69bd096a493ff5a3bb0c561bcb6087', 'id': '95675618661761024', 'username': 'Sad Lucio'}, 'roles': ['393961376810401793'], 'deaf': False, 'nick': None, 'mute': False}, {'joined_at': '2017-12-23T03:13:50.128770+00:00', 'user': {'discriminator': '4650', 'avatar': '19548b61bcf5dc08d064bbba59acd0ff', 'id': '150699865997836288', 'username': 'tjpc3'}, 'roles': ['393947484289761280', '393961376810401793', '393947348629192725'], 'deaf': False, 'nick': None, 'mute': False}, {'joined_at': '2017-12-23T04:57:41.454692+00:00', 'user': {'discriminator': '1676', 'avatar': 'a_0cc098af9e38d0ded6b78513ce53e1fe', 'id': '190946780685402113', 'username': 'Decker'}, 'roles': ['393961376810401793'], 'deaf': False, 'nick': None, 'mute': False}, {'joined_at': '2017-12-23T03:15:49.296804+00:00', 'user': {'discriminator': '9678', 'avatar': '81b2684d990d2134a950f778a6c0d2c7', 'id': '192677766003556352', 'username': 'moosey'}, 'roles': ['393961376810401793'], 'deaf': False, 'nick': None, 'mute': False}, {'joined_at': '2017-12-23T07:46:56.039897+00:00', 'user': {'discriminator': '8734', 'avatar': 'c5191def4e6197896571ebfa190568ca', 'id': '235947586056486912', 'username': 'AssassinThunder'}, 'roles': ['393961376810401793'], 'deaf': False, 'nick': None, 'mute': False}, {'joined_at': '2017-12-23T03:28:23.264227+00:00', 'user': {'discriminator': '9383', 'avatar': '3b193021b5e945093e4e7e00ae6d3370', 'id': '236300670502699008', 'username': 'Hayden Friendo'}, 'roles': ['393947484289761280', '393961376810401793'], 'deaf': False, 'nick': None, 'mute': False}, {'joined_at': '2017-12-23T03:20:17.548786+00:00', 'user': {'discriminator': '0809', 'avatar': 'e94042e65254a4b9d9a9663e8b7164cc', 'id': '247065085049044992', 'username': 'Aubrey'}, 'roles': ['393947484289761280', '393961376810401793'], 'deaf': False, 'nick': None, 'mute': False}, {'joined_at': '2017-12-23T03:34:25.517827+00:00', 'user': {'discriminator': '8406', 'avatar': '8a4baf9f591641ea40c865fe84259366', 'id': '251140209893179392', 'username': 'dwar234'}, 'roles': ['393961376810401793'], 'deaf': False, 'nick': None, 'mute': False}, {'joined_at': '2017-12-23T03:12:15.844844+00:00', 'user': {'discriminator': '4186', 'avatar': 'c376dc8c0a917bc3a7e4181d5c326523', 'id': '259396146382897154', 'username': 'Casey'}, 'roles': ['393947484289761280', '393961376810401793'], 'deaf': False, 'nick': None, 'mute': False}, {'joined_at': '2017-12-23T03:28:30.566985+00:00', 'user': {'discriminator': '4116', 'avatar': '78bd8b19b8d3d26c5f095b9453c1b3a7', 'id': '260495481371754508', 'username': 'Ethan'}, 'roles': ['393961376810401793'], 'deaf': False, 'nick': None, 'mute': False}, {'joined_at': '2017-12-23T01:48:51.603000+00:00', 'user': {'discriminator': '7486', 'avatar': 'a_695beb68f2830f684a5775e8b0b32068', 'id': '305438956701614081', 'username': 'jkings'}, 'roles': ['393943664008757250'], 'deaf': False, 'nick': None, 'mute': False}, {'joined_at': '2017-12-23T03:27:57.115878+00:00', 'user': {'discriminator': '1874', 'avatar': '09e284673152e867d14d1c7933adc434', 'id': '309294730796072962', 'username': 'DepressedAfMae/FembroCombatMedic'}, 'roles': ['393961376810401793'], 'deaf': False, 'nick': None, 'mute': False}, {'joined_at': '2017-12-23T03:34:42.079370+00:00', 'user': {'discriminator': '5868', 'avatar': '03ed3b38f09e197400502225c3a5ec49', 'id': '314206179800907777', 'username': 'Steel'}, 'roles': ['393961376810401793'], 'deaf': False, 'nick': None, 'mute': False}, {'joined_at': '2017-12-25T03:50:27.568501+00:00', 'user': {'discriminator': '0849', 'avatar': '462cb680f7b3cad4911dd2fc8629e96f', 'id': '315253280676773888', 'username': 'jkingsbot9000', 'bot': True}, 'roles': ['393973613109313546', '394698382779875339'], 'deaf': False, 'nick': None, 'mute': False}, {'joined_at': '2017-12-23T08:40:18.171885+00:00', 'user': {'discriminator': '5245', 'avatar': '5c0a93d8d3aad7dd43557cf067d2d6f2', 'id': '323104137766109184', 'username': 'LWD'}, 'roles': ['393961376810401793'], 'deaf': False, 'nick': None, 'mute': False}, {'joined_at': '2017-12-23T03:57:59.789464+00:00', 'user': {'discriminator': '5569', 'avatar': '12528f18bdd5899da2370cbc4040616c', 'id': '332583316631060480', 'username': 'Gremlin'}, 'roles': ['393961376810401793'], 'deaf': False, 'nick': None, 'mute': False}], 'icon': '735e4b00ad0abae7ad07f00fbc33bc59', 'explicit_content_filter': 1, 'roles': [{'hoist': False, 'permissions': 72768, 'managed': False, 'name': '@everyone', 'id': '393943005423468544', 'color': 0, 'mentionable': False, 'position': 0}, {'hoist': True, 'permissions': 104324169, 'managed': False, 'name': 'robot god', 'id': '393943664008757250', 'color': 10181046, 'mentionable': True, 'position': 6}, {'hoist': True, 'permissions': 1610087619, 'managed': False, 'name': 'digital dominions', 'id': '393947348629192725', 'color': 15320125, 'mentionable': True, 'position': 4}, {'hoist': False, 'permissions': 104324160, 'managed': False, 'name': '( ͡° ͜ʖ ͡°)', 'id': '393947484289761280', 'color': 0, 'mentionable': False, 'position': 2}, {'hoist': True, 'permissions': 104193088, 'managed': False, 'name': 'analog angels', 'id': '393961376810401793', 'color': 8117478, 'mentionable': False, 'position': 3}, {'hoist': True, 'permissions': 2146958583, 'managed': False, 'name': 'silicon seraphim', 'id': '393973613109313546', 'color': 9807270, 'mentionable': False, 'position': 5}, {'hoist': False, 'permissions': 403041398, 'managed': True, 'name': 'jkingsbot9001', 'id': '394698382779875339', 'color': 0, 'mentionable': False, 'position': 1}], 'emojis': [{'managed': False, 'animated': True, 'roles': [], 'require_colons': True, 'id': '394145740244385821', 'name': 'he_dance'}, {'managed': False, 'animated': True, 'roles': [], 'require_colons': True, 'id': '394148552684732429', 'name': 'skeletonthink'}, {'managed': False, 'animated': True, 'roles': [], 'require_colons': True, 'id': '394149983789514754', 'name': 'woofdotexe'}], 'afk_timeout': 300, 'id': '393943005423468544', 'presences': [{'status': 'idle', 'user': {'id': '92878795140239360'}, 'game': None}, {'status': 'online', 'user': {'id': '95675618661761024'}, 'game': None}, {'status': 'online', 'user': {'id': '150699865997836288'}, 'game': {'timestamps': {'start': 1514172540048}, 'type': 0, 'name': 'FL Studio'}}, {'status': 'online', 'user': {'id': '190946780685402113'}, 'game': None}, {'status': 'online', 'user': {'id': '192677766003556352'}, 'game': None}, {'status': 'online', 'user': {'id': '235947586056486912'}, 'game': {'timestamps': {'start': 1514168453931}, 'type': 0, 'name': 'Blood bath at mishmash'}}, {'status': 'online', 'user': {'id': '236300670502699008'}, 'game': {'details': 'USAO - Extra Mode [Rhythm Crisis]', 'session_id': '2503b6106698a4b4cd2f5ca82493aa75', 'type': 0, 'flags': 4, 'state': 'Clicking circles', 'assets': {'large_image': '373344233077211136', 'large_text': 'UnityParadox (rank #701,854)', 'small_text': 'osu!', 'small_image': '373370493127884800'}, 'name': 'osu!', 'application_id': '367827983903490050'}}, {'status': 'online', 'user': {'id': '247065085049044992'}, 'game': None}, {'status': 'idle', 'user': {'id': '251140209893179392'}, 'game': {'timestamps': {'start': 1514152468172}, 'type': 0, 'name': 'College apps all day every day'}}, {'status': 'online', 'user': {'id': '259396146382897154'}, 'game': {'timestamps': {'start': 1514131889027}, 'type': 0, 'name': 'CRAP! No One Loves Me'}}, {'status': 'online', 'user': {'id': '260495481371754508'}, 'game': None}, {'status': 'online', 'user': {'id': '305438956701614081'}, 'game': {'timestamps': {'start': 1514081489841}, 'type': 0, 'name': 'with ones and zeroes'}}, {'status': 'online', 'user': {'id': '315253280676773888'}, 'game': None}, {'status': 'online', 'user': {'id': '332583316631060480'}, 'game': None}], 'mfa_level': 0, 'verification_level': 0}, 't': 'GUILD_CREATE', 'op': 0}
2017-12-24 20:52:58,798:DEBUG:discord.client: Dispatching event socket_response
2017-12-24 20:52:58,799:DEBUG:discord.client: Dispatching event server_available
2017-12-24 20:53:00,797:DEBUG:discord.client: Dispatching event ready
2017-12-24 20:53:00,798:INFO:discord: janitorbot9001 started... hello world!
2017-12-24 20:53:00,798:DEBUG:discord.gateway: Sending "{"d":{"since":0.0,"status":"online","afk":false,"game":{"type":0,"name":"uwu"}},"op":3}" to change status
2017-12-24 20:53:00,798:DEBUG:discord.client: Dispatching event socket_raw_send
2017-12-24 20:53:00,898:DEBUG:discord.client: Dispatching event socket_raw_receive
2017-12-24 20:53:00,899:DEBUG:discord.gateway: WebSocket Event: {'s': 3, 'd': {'user_id': '305438956701614081', 'timestamp': 1514173980, 'channel_id': '393960892598976513'}, 't': 'TYPING_START', 'op': 0}
2017-12-24 20:53:00,899:DEBUG:discord.client: Dispatching event socket_response
2017-12-24 20:53:00,899:DEBUG:discord.client: Dispatching event typing
2017-12-24 20:53:02,286:DEBUG:discord.client: Dispatching event socket_raw_receive
2017-12-24 20:53:02,287:DEBUG:discord.gateway: WebSocket Event: {'s': 4, 'd': {'timestamp': '2017-12-25T03:53:02.083000+00:00', 'attachments': [], 'edited_timestamp': None, 'mention_everyone': False, 'content': 's.about', 'nonce': '394699030589865984', 'author': {'discriminator': '7486', 'avatar': 'a_695beb68f2830f684a5775e8b0b32068', 'id': '305438956701614081', 'username': 'jkings'}, 'type': 0, 'channel_id': '393960892598976513', 'pinned': False, 'mentions': [], 'embeds': [], 'id': '394699030745055243', 'mention_roles': [], 'tts': False}, 't': 'MESSAGE_CREATE', 'op': 0}
2017-12-24 20:53:02,287:DEBUG:discord.client: Dispatching event socket_response
2017-12-24 20:53:02,290:DEBUG:discord.client: Dispatching event message
2017-12-24 20:53:02,292:DEBUG:discord.client: Dispatching event command
2017-12-24 20:53:02,420:DEBUG:discord.http: GET https://discordapp.com/api/v6/oauth2/applications/@me with None has returned 200
2017-12-24 20:53:02,422:DEBUG:discord.http: GET https://discordapp.com/api/v6/oauth2/applications/@me has received {'description': 'A robut that does robut things.', 'bot_public': False, 'bot_require_code_grant': False, 'owner': {'discriminator': '7486', 'avatar': 'a_695beb68f2830f684a5775e8b0b32068', 'id': '305438956701614081', 'username': 'jkings'}, 'id': '315253280676773888', 'icon': '462cb680f7b3cad4911dd2fc8629e96f', 'name': 'jkingsbot9001'}
2017-12-24 20:53:02,688:DEBUG:discord.http: POST https://discordapp.com/api/v6/channels/393960892598976513/messages with {"embed":{"description":"jkingsbot9001, a very gay discord bot","type":"rich","title":"About jkingsbot9000","fields":[{"inline":true,"value":"jkings","name":"Author"},{"inline":true,"value":"0.0.2","name":"version"},{"inline":false,"value":"A robut that does robut things.","name":"description"},{"inline":false,"value":"https://discordapp.com/oauth2/authorize?client_id=315253280676773888&scope=bot","name":"invite link"}],"color":10181046,"thumbnail":{"url":"https://cdn.discordapp.com/app-icons/315253280676773888/462cb680f7b3cad4911dd2fc8629e96f.jpg"}}} has returned 200
2017-12-24 20:53:02,689:DEBUG:discord.http: POST https://discordapp.com/api/v6/channels/393960892598976513/messages has received {'attachments': [], 'type': 0, 'edited_timestamp': None, 'pinned': False, 'content': '', 'nonce': None, 'author': {'id': '315253280676773888', 'discriminator': '0849', 'avatar': '462cb680f7b3cad4911dd2fc8629e96f', 'bot': True, 'username': 'jkingsbot9000'}, 'timestamp': '2017-12-25T03:53:02.546000+00:00', 'channel_id': '393960892598976513', 'mention_everyone': False, 'mentions': [], 'embeds': [{'description': 'jkingsbot9001, a very gay discord bot', 'type': 'rich', 'title': 'About jkingsbot9000', 'fields': [{'inline': True, 'value': 'jkings', 'name': 'Author'}, {'inline': True, 'value': '0.0.2', 'name': 'version'}, {'inline': False, 'value': 'A robut that does robut things.', 'name': 'description'}, {'inline': False, 'value': 'https://discordapp.com/oauth2/authorize?client_id=315253280676773888&scope=bot', 'name': 'invite link'}], 'color': 10181046, 'thumbnail': {'width': 0, 'proxy_url': 'https://images-ext-2.discordapp.net/external/QAjMiQb7gQ0XS1tYeNIOPug0HVUGmo0SkSWnmcoYTl0/https/cdn.discordapp.com/app-icons/315253280676773888/462cb680f7b3cad4911dd2fc8629e96f.jpg', 'height': 0, 'url': 'https://cdn.discordapp.com/app-icons/315253280676773888/462cb680f7b3cad4911dd2fc8629e96f.jpg'}}], 'id': '394699032687149056', 'mention_roles': [], 'tts': False}
2017-12-24 20:53:02,690:DEBUG:discord.client: Dispatching event command_completion
2017-12-24 20:53:02,691:DEBUG:discord.client: Dispatching event socket_raw_receive
2017-12-24 20:53:02,692:DEBUG:discord.gateway: WebSocket Event: {'s': 5, 'd': {'timestamp': '2017-12-25T03:53:02.546000+00:00', 'attachments': [], 'edited_timestamp': None, 'mention_everyone': False, 'content': '', 'nonce': None, 'author': {'discriminator': '0849', 'avatar': '462cb680f7b3cad4911dd2fc8629e96f', 'id': '315253280676773888', 'username': 'jkingsbot9000', 'bot': True}, 'type': 0, 'channel_id': '393960892598976513', 'pinned': False, 'mentions': [], 'embeds': [{'description': 'jkingsbot9001, a very gay discord bot', 'type': 'rich', 'title': 'About jkingsbot9000', 'fields': [{'inline': True, 'value': 'jkings', 'name': 'Author'}, {'inline': True, 'value': '0.0.2', 'name': 'version'}, {'inline': False, 'value': 'A robut that does robut things.', 'name': 'description'}, {'inline': False, 'value': 'https://discordapp.com/oauth2/authorize?client_id=315253280676773888&scope=bot', 'name': 'invite link'}], 'color': 10181046, 'thumbnail': {'width': 0, 'proxy_url': 'https://images-ext-2.discordapp.net/external/QAjMiQb7gQ0XS1tYeNIOPug0HVUGmo0SkSWnmcoYTl0/https/cdn.discordapp.com/app-icons/315253280676773888/462cb680f7b3cad4911dd2fc8629e96f.jpg', 'height': 0, 'url': 'https://cdn.discordapp.com/app-icons/315253280676773888/462cb680f7b3cad4911dd2fc8629e96f.jpg'}}], 'id': '394699032687149056', 'mention_roles': [], 'tts': False}, 't': 'MESSAGE_CREATE', 'op': 0}
2017-12-24 20:53:02,693:DEBUG:discord.client: Dispatching event socket_response
2017-12-24 20:53:02,693:DEBUG:discord.client: Dispatching event message
2017-12-24 20:53:02,694:DEBUG:discord.client: Dispatching event socket_raw_receive
2017-12-24 20:53:02,695:DEBUG:discord.gateway: WebSocket Event: {'s': 6, 'd': {'embeds': [{'description': 'jkingsbot9001, a very gay discord bot', 'type': 'rich', 'title': 'About jkingsbot9000', 'fields': [{'inline': True, 'value': 'jkings', 'name': 'Author'}, {'inline': True, 'value': '0.0.2', 'name': 'version'}, {'inline': False, 'value': 'A robut that does robut things.', 'name': 'description'}, {'inline': False, 'value': 'https://discordapp.com/oauth2/authorize?client_id=315253280676773888&scope=bot', 'name': 'invite link'}], 'color': 10181046, 'thumbnail': {'width': 128, 'proxy_url': 'https://images-ext-2.discordapp.net/external/QAjMiQb7gQ0XS1tYeNIOPug0HVUGmo0SkSWnmcoYTl0/https/cdn.discordapp.com/app-icons/315253280676773888/462cb680f7b3cad4911dd2fc8629e96f.jpg', 'height': 128, 'url': 'https://cdn.discordapp.com/app-icons/315253280676773888/462cb680f7b3cad4911dd2fc8629e96f.jpg'}}], 'id': '394699032687149056', 'channel_id': '393960892598976513'}, 't': 'MESSAGE_UPDATE', 'op': 0}
2017-12-24 20:53:02,695:DEBUG:discord.client: Dispatching event socket_response
2017-12-24 20:53:02,696:DEBUG:discord.client: Dispatching event message_edit
2017-12-24 20:53:17,587:DEBUG:discord.client: Dispatching event socket_raw_receive
2017-12-24 20:53:17,587:DEBUG:discord.gateway: WebSocket Event: {'s': 7, 'd': {'user_id': '305438956701614081', 'timestamp': 1514173997, 'channel_id': '393960892598976513'}, 't': 'TYPING_START', 'op': 0}
2017-12-24 20:53:17,587:DEBUG:discord.client: Dispatching event socket_response
2017-12-24 20:53:17,588:DEBUG:discord.client: Dispatching event typing
2017-12-24 20:53:21,018:DEBUG:discord.client: Dispatching event socket_raw_receive
2017-12-24 20:53:21,019:DEBUG:discord.gateway: WebSocket Event: {'s': 8, 'd': {'guild_id': '393943005423468544', 'nick': None, 'roles': ['393947484289761280', '393961376810401793'], 'game': {'timestamps': {'start': 1514173999859}, 'type': 0, 'name': 'w/ my snug bud, y ♥'}, 'status': 'online', 'user': {'id': '236300670502699008'}}, 't': 'PRESENCE_UPDATE', 'op': 0}
2017-12-24 20:53:21,020:DEBUG:discord.client: Dispatching event socket_response
2017-12-24 20:53:21,021:DEBUG:discord.client: Dispatching event member_update
2017-12-24 20:53:25,605:DEBUG:discord.client: Dispatching event socket_raw_receive
2017-12-24 20:53:25,606:DEBUG:discord.gateway: WebSocket Event: {'s': 9, 'd': {'user_id': '305438956701614081', 'timestamp': 1514174005, 'channel_id': '393960892598976513'}, 't': 'TYPING_START', 'op': 0}
2017-12-24 20:53:25,606:DEBUG:discord.client: Dispatching event socket_response
2017-12-24 20:53:25,607:DEBUG:discord.client: Dispatching event typing
2017-12-24 20:53:26,740:DEBUG:discord.client: Dispatching event socket_raw_receive
2017-12-24 20:53:26,740:DEBUG:discord.gateway: WebSocket Event: {'s': 10, 'd': {'timestamp': '2017-12-25T03:53:26.668000+00:00', 'attachments': [], 'edited_timestamp': None, 'mention_everyone': False, 'content': 'aaaaaaaaaand turns out the actual problem was missing parentheses', 'nonce': '394699133476143104', 'author': {'discriminator': '7486', 'avatar': 'a_695beb68f2830f684a5775e8b0b32068', 'id': '305438956701614081', 'username': 'jkings'}, 'type': 0, 'channel_id': '393960892598976513', 'pinned': False, 'mentions': [], 'embeds': [], 'id': '394699133862150144', 'mention_roles': [], 'tts': False}, 't': 'MESSAGE_CREATE', 'op': 0}
2017-12-24 20:53:26,740:DEBUG:discord.client: Dispatching event socket_response
2017-12-24 20:53:26,741:DEBUG:discord.client: Dispatching event message
2017-12-24 20:53:27,128:DEBUG:discord.client: Dispatching event socket_raw_receive
2017-12-24 20:53:27,128:DEBUG:discord.gateway: WebSocket Event: {'s': 11, 'd': {'user_id': '305438956701614081', 'timestamp': 1514174007, 'channel_id': '393960892598976513'}, 't': 'TYPING_START', 'op': 0}
2017-12-24 20:53:27,129:DEBUG:discord.client: Dispatching event socket_response
2017-12-24 20:53:27,129:DEBUG:discord.client: Dispatching event typing
2017-12-24 20:53:27,578:DEBUG:discord.client: Dispatching event socket_raw_receive
2017-12-24 20:53:27,578:DEBUG:discord.gateway: WebSocket Event: {'s': 12, 'd': {'timestamp': '2017-12-25T03:53:27.512000+00:00', 'attachments': [], 'edited_timestamp': None, 'mention_everyone': False, 'content': 'nice', 'nonce': '394699137032912896', 'author': {'discriminator': '7486', 'avatar': 'a_695beb68f2830f684a5775e8b0b32068', 'id': '305438956701614081', 'username': 'jkings'}, 'type': 0, 'channel_id': '393960892598976513', 'pinned': False, 'mentions': [], 'embeds': [], 'id': '394699137402011657', 'mention_roles': [], 'tts': False}, 't': 'MESSAGE_CREATE', 'op': 0}
2017-12-24 20:53:27,578:DEBUG:discord.client: Dispatching event socket_response
2017-12-24 20:53:27,579:DEBUG:discord.client: Dispatching event message
2017-12-24 20:53:39,847:DEBUG:discord.gateway: Keeping websocket alive with sequence 12
2017-12-24 20:53:40,013:DEBUG:discord.client: Dispatching event socket_raw_receive
2017-12-24 20:53:40,013:DEBUG:discord.gateway: WebSocket Event: {'s': None, 'd': None, 't': None, 'op': 11}
2017-12-24 20:53:40,014:DEBUG:discord.client: Dispatching event socket_response
2017-12-24 20:53:47,538:DEBUG:discord.client: Dispatching event socket_raw_receive
2017-12-24 20:53:47,538:DEBUG:discord.gateway: WebSocket Event: {'s': 13, 'd': {'user_id': '150699865997836288', 'emoji': {'id': None, 'animated': False, 'name': '™'}, 'message_id': '394699137402011657', 'channel_id': '393960892598976513'}, 't': 'MESSAGE_REACTION_ADD', 'op': 0}
2017-12-24 20:53:47,538:DEBUG:discord.client: Dispatching event socket_response
2017-12-24 20:53:47,539:DEBUG:discord.client: Dispatching event reaction_add
2017-12-24 20:53:56,549:DEBUG:discord.client: Dispatching event socket_raw_receive
2017-12-24 20:53:56,549:DEBUG:discord.gateway: WebSocket Event: {'s': 14, 'd': {'guild_id': '393943005423468544', 'nick': None, 'roles': ['393961376810401793'], 'game': None, 'status': 'offline', 'user': {'id': '260495481371754508'}}, 't': 'PRESENCE_UPDATE', 'op': 0}
2017-12-24 20:53:56,552:DEBUG:discord.client: Dispatching event socket_response
2017-12-24 20:53:56,552:DEBUG:discord.client: Dispatching event member_update
2017-12-24 20:54:21,098:DEBUG:discord.gateway: Keeping websocket alive with sequence 14
2017-12-24 20:54:21,222:DEBUG:discord.client: Dispatching event socket_raw_receive
2017-12-24 20:54:21,222:DEBUG:discord.gateway: WebSocket Event: {'s': None, 'd': None, 't': None, 'op': 11}
2017-12-24 20:54:21,222:DEBUG:discord.client: Dispatching event socket_response
2017-12-24 20:54:32,418:DEBUG:discord.client: Dispatching event socket_raw_receive
2017-12-24 20:54:32,419:DEBUG:discord.gateway: WebSocket Event: {'s': 15, 'd': {'guild_id': '393943005423468544', 'nick': None, 'roles': ['393961376810401793'], 'game': None, 'status': 'online', 'user': {'discriminator': '4116', 'avatar': '78bd8b19b8d3d26c5f095b9453c1b3a7', 'id': '260495481371754508', 'username': 'Ethan'}}, 't': 'PRESENCE_UPDATE', 'op': 0}
2017-12-24 20:54:32,419:DEBUG:discord.client: Dispatching event socket_response
2017-12-24 20:54:32,419:DEBUG:discord.client: Dispatching event member_update
2017-12-24 20:55:02,349:DEBUG:discord.gateway: Keeping websocket alive with sequence 15
2017-12-24 20:55:02,475:DEBUG:discord.client: Dispatching event socket_raw_receive
2017-12-24 20:55:02,476:DEBUG:discord.gateway: WebSocket Event: {'s': None, 'd': None, 't': None, 'op': 11}
2017-12-24 20:55:02,476:DEBUG:discord.client: Dispatching event socket_response
2017-12-24 20:55:35,269:DEBUG:discord.client: Dispatching event socket_raw_receive
2017-12-24 20:55:35,269:DEBUG:discord.gateway: WebSocket Event: {'s': 16, 'd': {'guild_id': '393943005423468544', 'nick': None, 'roles': ['393961376810401793'], 'game': {'timestamps': {'start': 1514174135821}, 'type': 0, 'name': 'Overwatch'}, 'status': 'online', 'user': {'id': '95675618661761024'}}, 't': 'PRESENCE_UPDATE', 'op': 0}
2017-12-24 20:55:35,270:DEBUG:discord.client: Dispatching event socket_response
2017-12-24 20:55:35,270:DEBUG:discord.client: Dispatching event member_update
2017-12-24 20:55:43,601:DEBUG:discord.gateway: Keeping websocket alive with sequence 16
2017-12-24 20:55:43,720:DEBUG:discord.client: Dispatching event socket_raw_receive
2017-12-24 20:55:43,721:DEBUG:discord.gateway: WebSocket Event: {'s': None, 'd': None, 't': None, 'op': 11}
2017-12-24 20:55:43,721:DEBUG:discord.client: Dispatching event socket_response
2017-12-24 20:55:58,255:DEBUG:discord.client: Dispatching event socket_raw_receive
2017-12-24 20:55:58,255:DEBUG:discord.gateway: WebSocket Event: {'s': 17, 'd': {'user_id': '190946780685402113', 'emoji': {'id': '305884501869985792', 'animated': False, 'name': 'whitelenny'}, 'message_id': '394699137402011657', 'channel_id': '393960892598976513'}, 't': 'MESSAGE_REACTION_ADD', 'op': 0}
2017-12-24 20:55:58,256:DEBUG:discord.client: Dispatching event socket_response
2017-12-24 20:55:58,256:DEBUG:discord.client: Dispatching event reaction_add
2017-12-24 20:56:24,852:DEBUG:discord.gateway: Keeping websocket alive with sequence 17
2017-12-24 20:56:24,970:DEBUG:discord.client: Dispatching event socket_raw_receive
2017-12-24 20:56:24,971:DEBUG:discord.gateway: WebSocket Event: {'s': None, 'd': None, 't': None, 'op': 11}
2017-12-24 20:56:24,971:DEBUG:discord.client: Dispatching event socket_response
2017-12-24 20:56:30,110:DEBUG:discord.client: Dispatching event socket_raw_receive
2017-12-24 20:56:30,110:DEBUG:discord.gateway: WebSocket Event: {'s': 18, 'd': {'guild_id': '393943005423468544', 'nick': None, 'roles': ['393961376810401793'], 'game': None, 'status': 'online', 'user': {'id': '95675618661761024'}}, 't': 'PRESENCE_UPDATE', 'op': 0}
2017-12-24 20:56:30,110:DEBUG:discord.client: Dispatching event socket_response
2017-12-24 20:56:30,111:DEBUG:discord.client: Dispatching event member_update
2017-12-24 20:56:50,330:DEBUG:discord.client: Dispatching event socket_raw_receive
2017-12-24 20:56:50,331:DEBUG:discord.gateway: WebSocket Event: {'s': 19, 'd': {'guild_id': '393943005423468544', 'nick': None, 'roles': ['393961376810401793'], 'game': {'timestamps': {'start': 1514174210927}, 'type': 0, 'name': 'Overwatch'}, 'status': 'online', 'user': {'id': '95675618661761024'}}, 't': 'PRESENCE_UPDATE', 'op': 0}
2017-12-24 20:56:50,331:DEBUG:discord.client: Dispatching event socket_response
2017-12-24 20:56:50,332:DEBUG:discord.client: Dispatching event member_update
2017-12-24 20:57:06,104:DEBUG:discord.gateway: Keeping websocket alive with sequence 19
2017-12-24 20:57:06,227:DEBUG:discord.client: Dispatching event socket_raw_receive
2017-12-24 20:57:06,228:DEBUG:discord.gateway: WebSocket Event: {'s': None, 'd': None, 't': None, 'op': 11}
2017-12-24 20:57:06,228:DEBUG:discord.client: Dispatching event socket_response
2017-12-24 20:57:21,337:DEBUG:discord.client: Dispatching event socket_raw_receive
2017-12-24 20:57:21,338:DEBUG:discord.gateway: WebSocket Event: {'s': 20, 'd': {'guild_id': '393943005423468544', 'nick': None, 'roles': ['393961376810401793'], 'game': None, 'status': 'offline', 'user': {'id': '260495481371754508'}}, 't': 'PRESENCE_UPDATE', 'op': 0}
2017-12-24 20:57:21,338:DEBUG:discord.client: Dispatching event socket_response
2017-12-24 20:57:21,339:DEBUG:discord.client: Dispatching event member_update
2017-12-24 20:57:41,044:DEBUG:discord.client: Dispatching event socket_raw_receive
2017-12-24 20:57:41,044:DEBUG:discord.gateway: WebSocket Event: {'s': 21, 'd': {'guild_id': '393943005423468544', 'nick': None, 'roles': ['393947484289761280', '393961376810401793'], 'game': {'application_id': '367827983903490050', 'state': 'AFK', 'assets': {'large_image': '373344233077211136', 'large_text': 'UnityParadox (rank #701,854)', 'small_text': 'osu!', 'small_image': '373370493127884800'}, 'type': 0, 'name': 'osu!'}, 'status': 'online', 'user': {'id': '236300670502699008'}}, 't': 'PRESENCE_UPDATE', 'op': 0}
2017-12-24 20:57:41,044:DEBUG:discord.client: Dispatching event socket_response
2017-12-24 20:57:41,044:DEBUG:discord.client: Dispatching event member_update
2017-12-24 20:57:47,356:DEBUG:discord.gateway: Keeping websocket alive with sequence 21
2017-12-24 20:57:47,482:DEBUG:discord.client: Dispatching event socket_raw_receive
2017-12-24 20:57:47,483:DEBUG:discord.gateway: WebSocket Event: {'s': None, 'd': None, 't': None, 'op': 11}
2017-12-24 20:57:47,483:DEBUG:discord.client: Dispatching event socket_response
2017-12-24 20:58:00,879:DEBUG:discord.client: Dispatching event socket_raw_receive
2017-12-24 20:58:00,880:DEBUG:discord.gateway: WebSocket Event: {'s': 22, 'd': {'guild_id': '393943005423468544', 'nick': None, 'roles': ['393947484289761280', '393961376810401793'], 'game': {'details': 'USAO - Extra Mode [Rhythm Crisis]', 'session_id': 'ee9cc604606adba1cda2b696f8c65cdb', 'type': 0, 'flags': 4, 'state': 'Clicking circles', 'assets': {'large_image': '373344233077211136', 'large_text': 'UnityParadox (rank #701,854)', 'small_text': 'osu!', 'small_image': '373370493127884800'}, 'name': 'osu!', 'application_id': '367827983903490050'}, 'status': 'online', 'user': {'id': '236300670502699008'}}, 't': 'PRESENCE_UPDATE', 'op': 0}
2017-12-24 20:58:00,883:DEBUG:discord.client: Dispatching event socket_response
2017-12-24 20:58:00,884:DEBUG:discord.client: Dispatching event member_update
2017-12-24 20:58:15,220:DEBUG:discord.client: Dispatching event socket_raw_receive
2017-12-24 20:58:15,221:DEBUG:discord.gateway: WebSocket Event: {'s': 23, 'd': {'guild_id': '393943005423468544', 'nick': None, 'roles': ['393947484289761280', '393961376810401793'], 'game': {'application_id': '367827983903490050', 'state': 'Idle', 'assets': {'large_image': '373344233077211136', 'large_text': 'UnityParadox (rank #701,854)', 'small_text': 'osu!', 'small_image': '373370493127884800'}, 'type': 0, 'name': 'osu!'}, 'status': 'online', 'user': {'id': '236300670502699008'}}, 't': 'PRESENCE_UPDATE', 'op': 0}
2017-12-24 20:58:15,221:DEBUG:discord.client: Dispatching event socket_response
2017-12-24 20:58:15,222:DEBUG:discord.client: Dispatching event member_update
2017-12-24 20:58:28,608:DEBUG:discord.gateway: Keeping websocket alive with sequence 23
2017-12-24 20:58:28,799:DEBUG:discord.client: Dispatching event socket_raw_receive
2017-12-24 20:58:28,799:DEBUG:discord.gateway: WebSocket Event: {'s': None, 'd': None, 't': None, 'op': 11}
2017-12-24 20:58:28,799:DEBUG:discord.client: Dispatching event socket_response
2017-12-24 20:58:30,271:DEBUG:discord.client: Dispatching event socket_raw_receive
2017-12-24 20:58:30,272:DEBUG:discord.gateway: WebSocket Event: {'s': 24, 'd': {'guild_id': '393943005423468544', 'nick': None, 'roles': ['393961376810401793'], 'game': None, 'status': 'online', 'user': {'id': '95675618661761024'}}, 't': 'PRESENCE_UPDATE', 'op': 0}
2017-12-24 20:58:30,272:DEBUG:discord.client: Dispatching event socket_response
2017-12-24 20:58:30,272:DEBUG:discord.client: Dispatching event member_update
2017-12-24 20:58:30,994:DEBUG:discord.client: Dispatching event socket_raw_receive
2017-12-24 20:58:30,995:DEBUG:discord.gateway: WebSocket Event: {'s': 25, 'd': {'guild_id': '393943005423468544', 'nick': None, 'roles': ['393947484289761280', '393961376810401793'], 'game': {'timestamps': {'start': 1514174310004}, 'type': 0, 'name': 'w/ my snug bud, y ♥'}, 'status': 'online', 'user': {'id': '236300670502699008'}}, 't': 'PRESENCE_UPDATE', 'op': 0}
2017-12-24 20:58:30,995:DEBUG:discord.client: Dispatching event socket_response
2017-12-24 20:58:30,995:DEBUG:discord.client: Dispatching event member_update
2017-12-24 20:58:55,458:DEBUG:discord.client: Dispatching event socket_raw_receive
2017-12-24 20:58:55,459:DEBUG:discord.gateway: WebSocket Event: {'s': 26, 'd': {'guild_id': '393943005423468544', 'nick': None, 'roles': ['393961376810401793'], 'game': {'timestamps': {'start': 1514174336042}, 'type': 0, 'name': 'Overwatch'}, 'status': 'online', 'user': {'id': '95675618661761024'}}, 't': 'PRESENCE_UPDATE', 'op': 0}
2017-12-24 20:58:55,462:DEBUG:discord.client: Dispatching event socket_response
2017-12-24 20:58:55,463:DEBUG:discord.client: Dispatching event member_update
2017-12-24 20:58:56,072:DEBUG:discord.client: Dispatching event socket_raw_receive
2017-12-24 20:58:56,073:DEBUG:discord.gateway: WebSocket Event: {'s': 27, 'd': {'guild_id': '393943005423468544', 'nick': None, 'roles': ['393947484289761280', '393961376810401793'], 'game': {'application_id': '367827983903490050', 'state': 'Idle', 'assets': {'large_image': '373344233077211136', 'large_text': 'UnityParadox (rank #701,854)', 'small_text': 'osu!', 'small_image': '373370493127884800'}, 'type': 0, 'name': 'osu!'}, 'status': 'online', 'user': {'id': '236300670502699008'}}, 't': 'PRESENCE_UPDATE', 'op': 0}
2017-12-24 20:58:56,074:DEBUG:discord.client: Dispatching event socket_response
2017-12-24 20:58:56,074:DEBUG:discord.client: Dispatching event member_update
2017-12-24 20:58:59,625:DEBUG:discord.client: Dispatching event socket_raw_receive
2017-12-24 20:58:59,625:DEBUG:discord.gateway: WebSocket Event: {'s': 28, 'd': {'guild_id': '393943005423468544', 'nick': None, 'roles': ['393961376810401793'], 'game': None, 'status': 'online', 'user': {'discriminator': '4116', 'avatar': '78bd8b19b8d3d26c5f095b9453c1b3a7', 'id': '260495481371754508', 'username': 'Ethan'}}, 't': 'PRESENCE_UPDATE', 'op': 0}
2017-12-24 20:58:59,625:DEBUG:discord.client: Dispatching event socket_response
2017-12-24 20:58:59,626:DEBUG:discord.client: Dispatching event member_update
2017-12-24 20:59:03,993:DEBUG:discord.client: Dispatching event socket_raw_receive
2017-12-24 20:59:03,993:DEBUG:discord.gateway: WebSocket Event: {'s': 29, 'd': {'guild_id': '393943005423468544', 'nick': None, 'roles': ['393961376810401793'], 'game': None, 'status': 'offline', 'user': {'id': '260495481371754508'}}, 't': 'PRESENCE_UPDATE', 'op': 0}
2017-12-24 20:59:03,994:DEBUG:discord.client: Dispatching event socket_response
2017-12-24 20:59:03,994:DEBUG:discord.client: Dispatching event member_update
2017-12-24 20:59:07,234:DEBUG:discord.client: Dispatching event socket_raw_receive
2017-12-24 20:59:07,234:DEBUG:discord.gateway: WebSocket Event: {'s': 30, 'd': {'guild_id': '393943005423468544', 'nick': None, 'roles': ['393961376810401793'], 'game': None, 'status': 'online', 'user': {'discriminator': '4116', 'avatar': '78bd8b19b8d3d26c5f095b9453c1b3a7', 'id': '260495481371754508', 'username': 'Ethan'}}, 't': 'PRESENCE_UPDATE', 'op': 0}
2017-12-24 20:59:07,234:DEBUG:discord.client: Dispatching event socket_response
2017-12-24 20:59:07,234:DEBUG:discord.client: Dispatching event member_update
2017-12-24 20:59:09,860:DEBUG:discord.gateway: Keeping websocket alive with sequence 30
2017-12-24 20:59:09,983:DEBUG:discord.client: Dispatching event socket_raw_receive
2017-12-24 20:59:09,983:DEBUG:discord.gateway: WebSocket Event: {'s': None, 'd': None, 't': None, 'op': 11}
2017-12-24 20:59:09,984:DEBUG:discord.client: Dispatching event socket_response
2017-12-24 20:59:51,113:DEBUG:discord.gateway: Keeping websocket alive with sequence 30
2017-12-24 20:59:51,244:DEBUG:discord.client: Dispatching event socket_raw_receive
2017-12-24 20:59:51,244:DEBUG:discord.gateway: WebSocket Event: {'s': None, 'd': None, 't': None, 'op': 11}
2017-12-24 20:59:51,244:DEBUG:discord.client: Dispatching event socket_response
2017-12-24 21:00:04,681:DEBUG:discord.client: Dispatching event socket_raw_receive
2017-12-24 21:00:04,682:DEBUG:discord.gateway: WebSocket Event: {'s': 31, 'd': {'guild_id': '393943005423468544', 'nick': None, 'roles': ['393947484289761280', '393961376810401793'], 'game': {'details': 'Haywyre - Everchanging [Nature]', 'session_id': 'ee9cc604606adba1cda2b696f8c65cdb', 'type': 0, 'flags': 4, 'state': 'Clicking circles', 'assets': {'large_image': '373344233077211136', 'large_text': 'UnityParadox (rank #701,854)', 'small_text': 'osu!', 'small_image': '373370493127884800'}, 'name': 'osu!', 'application_id': '367827983903490050'}, 'status': 'online', 'user': {'id': '236300670502699008'}}, 't': 'PRESENCE_UPDATE', 'op': 0}
2017-12-24 21:00:04,682:DEBUG:discord.client: Dispatching event socket_response
2017-12-24 21:00:04,683:DEBUG:discord.client: Dispatching event member_update
2017-12-24 21:00:32,365:DEBUG:discord.gateway: Keeping websocket alive with sequence 31
2017-12-24 21:00:32,484:DEBUG:discord.client: Dispatching event socket_raw_receive
2017-12-24 21:00:32,485:DEBUG:discord.gateway: WebSocket Event: {'s': None, 'd': None, 't': None, 'op': 11}
2017-12-24 21:00:32,485:DEBUG:discord.client: Dispatching event socket_response
